INFO:root:n: 500000 D: 128 queries: 3200 anchors: 128 k: 64 method: plane lr: 0.0001
INFO:root:recall_test: 0.5000
INFO:root:Epoch [1], Loss: 2035.9099, Test Loss: 2362.6194, recall_train: 0.6526, recall_test: 0.4891 recall_val: 0.5016
INFO:root:Epoch [2], Loss: 2279.3711, Test Loss: 2377.7737, recall_train: 0.6514, recall_test: 0.5156 recall_val: 0.5000
INFO:root:Epoch [3], Loss: 2456.5364, Test Loss: 2338.6013, recall_train: 0.6514, recall_test: 0.5094 recall_val: 0.5125
INFO:root:Epoch [4], Loss: 1660.9537, Test Loss: 2259.0984, recall_train: 0.6543, recall_test: 0.5031 recall_val: 0.5047
INFO:root:Epoch [5], Loss: 2436.7195, Test Loss: 2159.3293, recall_train: 0.6546, recall_test: 0.5016 recall_val: 0.5125
INFO:root:Epoch [6], Loss: 1955.8562, Test Loss: 2075.1318, recall_train: 0.6578, recall_test: 0.5109 recall_val: 0.5016
INFO:root:Epoch [7], Loss: 2034.3640, Test Loss: 2058.9902, recall_train: 0.6576, recall_test: 0.5062 recall_val: 0.5125
INFO:root:Epoch [8], Loss: 2321.4382, Test Loss: 2091.5132, recall_train: 0.6598, recall_test: 0.5062 recall_val: 0.5141
INFO:root:Epoch [9], Loss: 1752.9495, Test Loss: 2082.8123, recall_train: 0.6584, recall_test: 0.5156 recall_val: 0.5156
INFO:root:Epoch [10], Loss: 1551.5026, Test Loss: 2077.4106, recall_train: 0.6612, recall_test: 0.4938 recall_val: 0.5062
INFO:root:Epoch [11], Loss: 1851.8727, Test Loss: 2121.2329, recall_train: 0.6633, recall_test: 0.5094 recall_val: 0.5219
INFO:root:Epoch [12], Loss: 2123.1216, Test Loss: 2101.9868, recall_train: 0.6652, recall_test: 0.5031 recall_val: 0.5188
INFO:root:Epoch [13], Loss: 1984.0514, Test Loss: 2057.7427, recall_train: 0.6640, recall_test: 0.4938 recall_val: 0.5141
INFO:root:Epoch [14], Loss: 1620.4980, Test Loss: 2059.8398, recall_train: 0.6641, recall_test: 0.4938 recall_val: 0.5078
INFO:root:Epoch [15], Loss: 1775.1052, Test Loss: 2021.0726, recall_train: 0.6648, recall_test: 0.5094 recall_val: 0.4969
INFO:root:Epoch [16], Loss: 1601.6881, Test Loss: 2007.3580, recall_train: 0.6652, recall_test: 0.4953 recall_val: 0.5094
INFO:root:Epoch [17], Loss: 1835.2415, Test Loss: 1990.0657, recall_train: 0.6676, recall_test: 0.5016 recall_val: 0.4984
INFO:root:Epoch [18], Loss: 1739.6882, Test Loss: 1940.2546, recall_train: 0.6688, recall_test: 0.5000 recall_val: 0.5109
INFO:root:Epoch [19], Loss: 1724.8555, Test Loss: 1941.2435, recall_train: 0.6716, recall_test: 0.5109 recall_val: 0.5156
INFO:root:Epoch [20], Loss: 1863.6615, Test Loss: 1876.4528, recall_train: 0.6715, recall_test: 0.5094 recall_val: 0.5203
INFO:root:Epoch [21], Loss: 1602.7571, Test Loss: 1898.6644, recall_train: 0.6712, recall_test: 0.4922 recall_val: 0.5172
INFO:root:Epoch [22], Loss: 1271.5677, Test Loss: 1878.7097, recall_train: 0.6718, recall_test: 0.5234 recall_val: 0.5359
INFO:root:Epoch [23], Loss: 1857.0920, Test Loss: 1903.8162, recall_train: 0.6716, recall_test: 0.4969 recall_val: 0.5375
INFO:root:Epoch [24], Loss: 1482.5059, Test Loss: 1888.8401, recall_train: 0.6735, recall_test: 0.4844 recall_val: 0.5312
INFO:root:Epoch [25], Loss: 1708.5295, Test Loss: 1898.4031, recall_train: 0.6727, recall_test: 0.4891 recall_val: 0.5250
INFO:root:Epoch [26], Loss: 1555.9196, Test Loss: 1889.5807, recall_train: 0.6713, recall_test: 0.4969 recall_val: 0.5250
INFO:root:Epoch [27], Loss: 1601.7488, Test Loss: 1853.2195, recall_train: 0.6739, recall_test: 0.4922 recall_val: 0.5250
INFO:root:Epoch [28], Loss: 1766.6324, Test Loss: 1880.5471, recall_train: 0.6760, recall_test: 0.5156 recall_val: 0.5328
INFO:root:Epoch [29], Loss: 1742.4271, Test Loss: 1940.2639, recall_train: 0.6763, recall_test: 0.4875 recall_val: 0.5422
INFO:root:Epoch [30], Loss: 1543.3835, Test Loss: 1949.7517, recall_train: 0.6781, recall_test: 0.5062 recall_val: 0.5312
INFO:root:Epoch [31], Loss: 1301.5720, Test Loss: 1907.2484, recall_train: 0.6772, recall_test: 0.5016 recall_val: 0.5312
INFO:root:Epoch [32], Loss: 1883.5652, Test Loss: 1895.4801, recall_train: 0.6793, recall_test: 0.5000 recall_val: 0.5563
INFO:root:Epoch [33], Loss: 1520.6254, Test Loss: 1910.6061, recall_train: 0.6792, recall_test: 0.5047 recall_val: 0.5453
INFO:root:Epoch [34], Loss: 1759.4924, Test Loss: 1876.1941, recall_train: 0.6790, recall_test: 0.4953 recall_val: 0.5609
INFO:root:Epoch [35], Loss: 1426.7726, Test Loss: 1891.3728, recall_train: 0.6816, recall_test: 0.4953 recall_val: 0.5437
INFO:root:Epoch [36], Loss: 1155.5537, Test Loss: 1848.4948, recall_train: 0.6828, recall_test: 0.4984 recall_val: 0.5547
INFO:root:Epoch [37], Loss: 1629.2744, Test Loss: 1787.1119, recall_train: 0.6833, recall_test: 0.5078 recall_val: 0.5484
INFO:root:Epoch [38], Loss: 1637.2737, Test Loss: 1862.6545, recall_train: 0.6840, recall_test: 0.4953 recall_val: 0.5422
INFO:root:Epoch [39], Loss: 1383.8645, Test Loss: 1826.5752, recall_train: 0.6846, recall_test: 0.5078 recall_val: 0.5406
INFO:root:Epoch [40], Loss: 1611.6460, Test Loss: 1789.0481, recall_train: 0.6844, recall_test: 0.5141 recall_val: 0.5375
INFO:root:Epoch [41], Loss: 1240.6222, Test Loss: 1785.9861, recall_train: 0.6855, recall_test: 0.5062 recall_val: 0.5563
INFO:root:Epoch [42], Loss: 1422.3054, Test Loss: 1805.8080, recall_train: 0.6876, recall_test: 0.4984 recall_val: 0.5500
INFO:root:Epoch [43], Loss: 1471.0637, Test Loss: 1797.3715, recall_train: 0.6861, recall_test: 0.5016 recall_val: 0.5719
INFO:root:Epoch [44], Loss: 1501.0774, Test Loss: 1789.7858, recall_train: 0.6886, recall_test: 0.5078 recall_val: 0.5687
INFO:root:Epoch [45], Loss: 1687.8629, Test Loss: 1776.1799, recall_train: 0.6880, recall_test: 0.5031 recall_val: 0.5719
INFO:root:Epoch [46], Loss: 1808.6676, Test Loss: 1721.2272, recall_train: 0.6890, recall_test: 0.4828 recall_val: 0.5484
INFO:root:Epoch [47], Loss: 1574.1676, Test Loss: 1718.6058, recall_train: 0.6896, recall_test: 0.5062 recall_val: 0.5469
INFO:root:Epoch [48], Loss: 1699.0901, Test Loss: 1743.0557, recall_train: 0.6918, recall_test: 0.5078 recall_val: 0.5437
INFO:root:Epoch [49], Loss: 1644.1711, Test Loss: 1759.1361, recall_train: 0.6929, recall_test: 0.5188 recall_val: 0.5437
INFO:root:Epoch [50], Loss: 1275.5190, Test Loss: 1773.9059, recall_train: 0.6947, recall_test: 0.5125 recall_val: 0.5484
INFO:root:Epoch [51], Loss: 1404.9373, Test Loss: 1782.7532, recall_train: 0.6963, recall_test: 0.5156 recall_val: 0.5469
INFO:root:Epoch [52], Loss: 1319.0599, Test Loss: 1754.9216, recall_train: 0.6970, recall_test: 0.5125 recall_val: 0.5391
INFO:root:Epoch [53], Loss: 1628.2415, Test Loss: 1786.9915, recall_train: 0.6954, recall_test: 0.4906 recall_val: 0.5484
INFO:root:Epoch [54], Loss: 1111.7721, Test Loss: 1746.2914, recall_train: 0.6947, recall_test: 0.4984 recall_val: 0.5484
INFO:root:Epoch [55], Loss: 1676.4666, Test Loss: 1733.0627, recall_train: 0.6962, recall_test: 0.4953 recall_val: 0.5578
INFO:root:Epoch [56], Loss: 1576.2740, Test Loss: 1706.1139, recall_train: 0.6968, recall_test: 0.5141 recall_val: 0.5516
INFO:root:Epoch [57], Loss: 1653.5662, Test Loss: 1764.3463, recall_train: 0.6977, recall_test: 0.5266 recall_val: 0.5594
INFO:root:Epoch [58], Loss: 1543.5424, Test Loss: 1786.7009, recall_train: 0.6978, recall_test: 0.5062 recall_val: 0.5594
INFO:root:Epoch [59], Loss: 1467.6189, Test Loss: 1754.2805, recall_train: 0.6982, recall_test: 0.5125 recall_val: 0.5609
INFO:root:Epoch [60], Loss: 1362.6091, Test Loss: 1747.3193, recall_train: 0.6959, recall_test: 0.5094 recall_val: 0.5531
INFO:root:Epoch [61], Loss: 1373.7334, Test Loss: 1763.9476, recall_train: 0.6979, recall_test: 0.5000 recall_val: 0.5578
INFO:root:Epoch [62], Loss: 1281.2781, Test Loss: 1713.9365, recall_train: 0.6997, recall_test: 0.5062 recall_val: 0.5547
INFO:root:Epoch [63], Loss: 1337.1418, Test Loss: 1731.4440, recall_train: 0.7011, recall_test: 0.4984 recall_val: 0.5484
INFO:root:Epoch [64], Loss: 1224.6028, Test Loss: 1687.0326, recall_train: 0.6996, recall_test: 0.5172 recall_val: 0.5594
INFO:root:Epoch [65], Loss: 1230.6100, Test Loss: 1653.8435, recall_train: 0.7002, recall_test: 0.5094 recall_val: 0.5547
INFO:root:Epoch [66], Loss: 1512.1553, Test Loss: 1678.0410, recall_train: 0.7009, recall_test: 0.5172 recall_val: 0.5547
INFO:root:Epoch [67], Loss: 1580.6859, Test Loss: 1661.1178, recall_train: 0.7025, recall_test: 0.5156 recall_val: 0.5703
INFO:root:Epoch [68], Loss: 1337.0687, Test Loss: 1685.3942, recall_train: 0.7039, recall_test: 0.5047 recall_val: 0.5703
INFO:root:Epoch [69], Loss: 1367.1199, Test Loss: 1646.3850, recall_train: 0.7048, recall_test: 0.5281 recall_val: 0.5609
INFO:root:Epoch [70], Loss: 1418.6871, Test Loss: 1702.8040, recall_train: 0.7036, recall_test: 0.5250 recall_val: 0.5641
INFO:root:Epoch [71], Loss: 1487.7742, Test Loss: 1691.9167, recall_train: 0.7024, recall_test: 0.5203 recall_val: 0.5609
INFO:root:Epoch [72], Loss: 1132.9711, Test Loss: 1671.9338, recall_train: 0.7030, recall_test: 0.5172 recall_val: 0.5547
INFO:root:Epoch [73], Loss: 1525.2283, Test Loss: 1657.3724, recall_train: 0.7010, recall_test: 0.5047 recall_val: 0.5656
INFO:root:Epoch [74], Loss: 1442.4625, Test Loss: 1690.8167, recall_train: 0.7023, recall_test: 0.5047 recall_val: 0.5547
INFO:root:Epoch [75], Loss: 1526.6426, Test Loss: 1674.4417, recall_train: 0.7048, recall_test: 0.5047 recall_val: 0.5516
INFO:root:Epoch [76], Loss: 963.4244, Test Loss: 1651.9158, recall_train: 0.7031, recall_test: 0.5016 recall_val: 0.5437
INFO:root:Epoch [77], Loss: 1350.2611, Test Loss: 1705.4817, recall_train: 0.7048, recall_test: 0.4953 recall_val: 0.5359
INFO:root:Epoch [78], Loss: 1352.0969, Test Loss: 1695.8679, recall_train: 0.7038, recall_test: 0.5031 recall_val: 0.5453
INFO:root:Epoch [79], Loss: 1282.4235, Test Loss: 1673.4541, recall_train: 0.7051, recall_test: 0.5078 recall_val: 0.5437
INFO:root:Epoch [80], Loss: 1481.9156, Test Loss: 1672.3704, recall_train: 0.7069, recall_test: 0.5156 recall_val: 0.5391
INFO:root:Epoch [81], Loss: 1292.9498, Test Loss: 1654.6539, recall_train: 0.7058, recall_test: 0.5141 recall_val: 0.5406
INFO:root:Epoch [82], Loss: 1123.1250, Test Loss: 1586.7770, recall_train: 0.7060, recall_test: 0.5141 recall_val: 0.5516
INFO:root:Epoch [83], Loss: 1203.7806, Test Loss: 1654.9094, recall_train: 0.7073, recall_test: 0.5266 recall_val: 0.5391
INFO:root:Epoch [84], Loss: 983.2028, Test Loss: 1586.9729, recall_train: 0.7078, recall_test: 0.5219 recall_val: 0.5578
INFO:root:Epoch [85], Loss: 1459.5881, Test Loss: 1599.3533, recall_train: 0.7073, recall_test: 0.5250 recall_val: 0.5656
INFO:root:Epoch [86], Loss: 1472.1068, Test Loss: 1596.9452, recall_train: 0.7083, recall_test: 0.5266 recall_val: 0.5594
INFO:root:Epoch [87], Loss: 1148.5984, Test Loss: 1623.0216, recall_train: 0.7076, recall_test: 0.5406 recall_val: 0.5656
INFO:root:Epoch [88], Loss: 1490.4961, Test Loss: 1632.6628, recall_train: 0.7062, recall_test: 0.5203 recall_val: 0.5844
INFO:root:Epoch [89], Loss: 1020.8563, Test Loss: 1624.5825, recall_train: 0.7094, recall_test: 0.5219 recall_val: 0.5672
INFO:root:Epoch [90], Loss: 1005.0690, Test Loss: 1582.7720, recall_train: 0.7073, recall_test: 0.5312 recall_val: 0.5703
INFO:root:Epoch [91], Loss: 1415.0447, Test Loss: 1566.5176, recall_train: 0.7078, recall_test: 0.5109 recall_val: 0.5500
INFO:root:Epoch [92], Loss: 1181.2385, Test Loss: 1542.4001, recall_train: 0.7098, recall_test: 0.5297 recall_val: 0.5437
INFO:root:Epoch [93], Loss: 1497.6758, Test Loss: 1522.4456, recall_train: 0.7105, recall_test: 0.5344 recall_val: 0.5563
INFO:root:Epoch [94], Loss: 1133.3444, Test Loss: 1533.1105, recall_train: 0.7112, recall_test: 0.5359 recall_val: 0.5609
INFO:root:Epoch [95], Loss: 1263.8481, Test Loss: 1568.2257, recall_train: 0.7119, recall_test: 0.5406 recall_val: 0.5656
INFO:root:Epoch [96], Loss: 1344.6572, Test Loss: 1541.0807, recall_train: 0.7119, recall_test: 0.5375 recall_val: 0.5484
INFO:root:Epoch [97], Loss: 1055.5756, Test Loss: 1551.0815, recall_train: 0.7152, recall_test: 0.5312 recall_val: 0.5578
INFO:root:Epoch [98], Loss: 999.7184, Test Loss: 1572.1151, recall_train: 0.7160, recall_test: 0.5188 recall_val: 0.5578
INFO:root:Epoch [99], Loss: 1139.5648, Test Loss: 1530.6810, recall_train: 0.7166, recall_test: 0.5203 recall_val: 0.5625
INFO:root:Epoch [100], Loss: 1066.3341, Test Loss: 1465.5682, recall_train: 0.7155, recall_test: 0.5203 recall_val: 0.5641
INFO:root:Epoch [101], Loss: 1297.6692, Test Loss: 1445.1407, recall_train: 0.7135, recall_test: 0.5141 recall_val: 0.5594
INFO:root:Epoch [102], Loss: 987.8667, Test Loss: 1436.2946, recall_train: 0.7146, recall_test: 0.5203 recall_val: 0.5531
INFO:root:Epoch [103], Loss: 1170.5686, Test Loss: 1479.6423, recall_train: 0.7133, recall_test: 0.5188 recall_val: 0.5594
INFO:root:Epoch [104], Loss: 1245.6621, Test Loss: 1495.0365, recall_train: 0.7140, recall_test: 0.5234 recall_val: 0.5594
INFO:root:Epoch [105], Loss: 1068.6266, Test Loss: 1507.0702, recall_train: 0.7167, recall_test: 0.5203 recall_val: 0.5625
INFO:root:Epoch [106], Loss: 1215.4645, Test Loss: 1577.1414, recall_train: 0.7179, recall_test: 0.5156 recall_val: 0.5641
INFO:root:Epoch [107], Loss: 1323.8499, Test Loss: 1543.1310, recall_train: 0.7156, recall_test: 0.5406 recall_val: 0.5703
INFO:root:Epoch [108], Loss: 1052.1926, Test Loss: 1571.4558, recall_train: 0.7156, recall_test: 0.5250 recall_val: 0.5453
INFO:root:Epoch [109], Loss: 1299.4039, Test Loss: 1635.0735, recall_train: 0.7156, recall_test: 0.5297 recall_val: 0.5641
INFO:root:Epoch [110], Loss: 1285.7812, Test Loss: 1639.0662, recall_train: 0.7166, recall_test: 0.5391 recall_val: 0.5594
INFO:root:Epoch [111], Loss: 1021.9793, Test Loss: 1605.2690, recall_train: 0.7152, recall_test: 0.5203 recall_val: 0.5813
INFO:root:Epoch [112], Loss: 1313.6559, Test Loss: 1607.8707, recall_train: 0.7170, recall_test: 0.5344 recall_val: 0.5750
INFO:root:Epoch [113], Loss: 1415.5221, Test Loss: 1622.2609, recall_train: 0.7174, recall_test: 0.5281 recall_val: 0.5828
INFO:root:Epoch [114], Loss: 1129.9404, Test Loss: 1645.9275, recall_train: 0.7166, recall_test: 0.5109 recall_val: 0.5672
INFO:root:Epoch [115], Loss: 1032.1031, Test Loss: 1642.8235, recall_train: 0.7156, recall_test: 0.5281 recall_val: 0.5656
INFO:root:Epoch [116], Loss: 942.6595, Test Loss: 1617.6887, recall_train: 0.7168, recall_test: 0.5141 recall_val: 0.5687
INFO:root:Epoch [117], Loss: 1045.2776, Test Loss: 1663.6110, recall_train: 0.7191, recall_test: 0.5297 recall_val: 0.5703
INFO:root:Epoch [118], Loss: 949.2562, Test Loss: 1659.2330, recall_train: 0.7166, recall_test: 0.5234 recall_val: 0.5656
INFO:root:Epoch [119], Loss: 908.1803, Test Loss: 1609.2792, recall_train: 0.7181, recall_test: 0.5188 recall_val: 0.5594
INFO:root:Epoch [120], Loss: 1091.3942, Test Loss: 1562.9873, recall_train: 0.7175, recall_test: 0.5406 recall_val: 0.5672
INFO:root:Epoch [121], Loss: 1128.0188, Test Loss: 1608.9976, recall_train: 0.7174, recall_test: 0.5344 recall_val: 0.5656
INFO:root:Epoch [122], Loss: 1113.5775, Test Loss: 1586.4619, recall_train: 0.7188, recall_test: 0.5406 recall_val: 0.5625
INFO:root:Epoch [123], Loss: 1143.7502, Test Loss: 1553.3542, recall_train: 0.7180, recall_test: 0.5437 recall_val: 0.5609
INFO:root:Epoch [124], Loss: 1148.5500, Test Loss: 1520.9548, recall_train: 0.7166, recall_test: 0.5437 recall_val: 0.5516
INFO:root:Epoch [125], Loss: 1401.3634, Test Loss: 1527.1248, recall_train: 0.7184, recall_test: 0.5422 recall_val: 0.5516
INFO:root:Epoch [126], Loss: 1155.7837, Test Loss: 1538.6873, recall_train: 0.7178, recall_test: 0.5266 recall_val: 0.5531
INFO:root:Epoch [127], Loss: 1072.4817, Test Loss: 1544.0193, recall_train: 0.7198, recall_test: 0.5437 recall_val: 0.5422
INFO:root:Epoch [128], Loss: 941.5799, Test Loss: 1474.7231, recall_train: 0.7208, recall_test: 0.5297 recall_val: 0.5484
INFO:root:Epoch [129], Loss: 866.2924, Test Loss: 1509.6715, recall_train: 0.7195, recall_test: 0.5406 recall_val: 0.5469
INFO:root:Epoch [130], Loss: 1205.2450, Test Loss: 1477.9231, recall_train: 0.7206, recall_test: 0.5453 recall_val: 0.5484
INFO:root:Epoch [131], Loss: 983.0217, Test Loss: 1474.3135, recall_train: 0.7211, recall_test: 0.5516 recall_val: 0.5547
INFO:root:Epoch [132], Loss: 1145.1439, Test Loss: 1460.8853, recall_train: 0.7213, recall_test: 0.5312 recall_val: 0.5484
INFO:root:Epoch [133], Loss: 808.3177, Test Loss: 1486.2224, recall_train: 0.7238, recall_test: 0.5281 recall_val: 0.5453
INFO:root:Epoch [134], Loss: 938.7424, Test Loss: 1488.2639, recall_train: 0.7215, recall_test: 0.5250 recall_val: 0.5437
INFO:root:Epoch [135], Loss: 1056.2227, Test Loss: 1478.2277, recall_train: 0.7214, recall_test: 0.5422 recall_val: 0.5391
INFO:root:Epoch [136], Loss: 876.3670, Test Loss: 1466.1403, recall_train: 0.7213, recall_test: 0.5406 recall_val: 0.5422
INFO:root:Epoch [137], Loss: 975.0420, Test Loss: 1525.6648, recall_train: 0.7228, recall_test: 0.5281 recall_val: 0.5328
INFO:root:Epoch [138], Loss: 843.3988, Test Loss: 1527.7950, recall_train: 0.7234, recall_test: 0.5437 recall_val: 0.5484
INFO:root:Epoch [139], Loss: 779.8678, Test Loss: 1534.7673, recall_train: 0.7218, recall_test: 0.5484 recall_val: 0.5656
INFO:root:Epoch [140], Loss: 813.7954, Test Loss: 1559.7051, recall_train: 0.7214, recall_test: 0.5375 recall_val: 0.5609
INFO:root:Epoch [141], Loss: 1043.4840, Test Loss: 1555.8079, recall_train: 0.7216, recall_test: 0.5406 recall_val: 0.5703
INFO:root:Epoch [142], Loss: 890.1102, Test Loss: 1540.7437, recall_train: 0.7198, recall_test: 0.5437 recall_val: 0.5828
INFO:root:Epoch [143], Loss: 970.7031, Test Loss: 1525.6571, recall_train: 0.7225, recall_test: 0.5453 recall_val: 0.5578
INFO:root:Epoch [144], Loss: 1051.6500, Test Loss: 1542.4197, recall_train: 0.7219, recall_test: 0.5563 recall_val: 0.5594
INFO:root:Epoch [145], Loss: 737.8239, Test Loss: 1521.8773, recall_train: 0.7241, recall_test: 0.5453 recall_val: 0.5563
INFO:root:Epoch [146], Loss: 1320.0514, Test Loss: 1564.2303, recall_train: 0.7254, recall_test: 0.5547 recall_val: 0.5531
INFO:root:Epoch [147], Loss: 1077.0714, Test Loss: 1549.1714, recall_train: 0.7270, recall_test: 0.5406 recall_val: 0.5484
INFO:root:Epoch [148], Loss: 889.5714, Test Loss: 1531.4166, recall_train: 0.7255, recall_test: 0.5500 recall_val: 0.5547
INFO:root:Epoch [149], Loss: 711.1576, Test Loss: 1514.1368, recall_train: 0.7266, recall_test: 0.5437 recall_val: 0.5563
INFO:root:Epoch [150], Loss: 900.2867, Test Loss: 1516.7161, recall_train: 0.7278, recall_test: 0.5516 recall_val: 0.5500
INFO:root:Epoch [151], Loss: 719.3900, Test Loss: 1569.6733, recall_train: 0.7299, recall_test: 0.5250 recall_val: 0.5484
INFO:root:Epoch [152], Loss: 959.0049, Test Loss: 1568.1134, recall_train: 0.7291, recall_test: 0.5328 recall_val: 0.5406
INFO:root:Epoch [153], Loss: 801.2875, Test Loss: 1547.1404, recall_train: 0.7260, recall_test: 0.5281 recall_val: 0.5328
INFO:root:Epoch [154], Loss: 725.4584, Test Loss: 1515.0846, recall_train: 0.7278, recall_test: 0.5328 recall_val: 0.5437
INFO:root:Epoch [155], Loss: 855.0677, Test Loss: 1504.7164, recall_train: 0.7273, recall_test: 0.5312 recall_val: 0.5469
INFO:root:Epoch [156], Loss: 923.4875, Test Loss: 1457.1777, recall_train: 0.7281, recall_test: 0.5328 recall_val: 0.5563
INFO:root:Epoch [157], Loss: 1164.7170, Test Loss: 1399.0051, recall_train: 0.7253, recall_test: 0.5391 recall_val: 0.5453
INFO:root:Epoch [158], Loss: 1081.0543, Test Loss: 1420.4094, recall_train: 0.7316, recall_test: 0.5437 recall_val: 0.5453
INFO:root:Epoch [159], Loss: 1139.4346, Test Loss: 1363.3546, recall_train: 0.7310, recall_test: 0.5328 recall_val: 0.5469
INFO:root:Epoch [160], Loss: 1084.9922, Test Loss: 1356.1912, recall_train: 0.7287, recall_test: 0.5328 recall_val: 0.5516
INFO:root:Epoch [161], Loss: 991.3391, Test Loss: 1374.3586, recall_train: 0.7317, recall_test: 0.5422 recall_val: 0.5609
INFO:root:Epoch [162], Loss: 1027.1560, Test Loss: 1384.3821, recall_train: 0.7312, recall_test: 0.5328 recall_val: 0.5500
INFO:root:Epoch [163], Loss: 1004.9713, Test Loss: 1407.0198, recall_train: 0.7306, recall_test: 0.5437 recall_val: 0.5500
INFO:root:Epoch [164], Loss: 811.5199, Test Loss: 1363.8523, recall_train: 0.7315, recall_test: 0.5359 recall_val: 0.5547
INFO:root:Epoch [165], Loss: 1063.6804, Test Loss: 1392.9879, recall_train: 0.7308, recall_test: 0.5469 recall_val: 0.5516
INFO:root:Epoch [166], Loss: 1084.9187, Test Loss: 1405.8230, recall_train: 0.7326, recall_test: 0.5422 recall_val: 0.5375
INFO:root:Epoch [167], Loss: 953.6342, Test Loss: 1412.8986, recall_train: 0.7310, recall_test: 0.5547 recall_val: 0.5344
INFO:root:Epoch [168], Loss: 1028.5842, Test Loss: 1458.9463, recall_train: 0.7288, recall_test: 0.5703 recall_val: 0.5656
INFO:root:Epoch [169], Loss: 853.0363, Test Loss: 1435.7546, recall_train: 0.7309, recall_test: 0.5547 recall_val: 0.5469
INFO:root:Epoch [170], Loss: 853.7448, Test Loss: 1405.8314, recall_train: 0.7317, recall_test: 0.5516 recall_val: 0.5437
INFO:root:Epoch [171], Loss: 792.0181, Test Loss: 1456.2639, recall_train: 0.7330, recall_test: 0.5516 recall_val: 0.5469
INFO:root:Epoch [172], Loss: 941.0676, Test Loss: 1469.4358, recall_train: 0.7318, recall_test: 0.5266 recall_val: 0.5437
INFO:root:Epoch [173], Loss: 963.9209, Test Loss: 1497.6663, recall_train: 0.7324, recall_test: 0.5281 recall_val: 0.5484
INFO:root:Epoch [174], Loss: 862.4598, Test Loss: 1427.5081, recall_train: 0.7322, recall_test: 0.5437 recall_val: 0.5672
INFO:root:Epoch [175], Loss: 944.9357, Test Loss: 1407.8884, recall_train: 0.7328, recall_test: 0.5422 recall_val: 0.5766
INFO:root:Epoch [176], Loss: 937.3351, Test Loss: 1430.3569, recall_train: 0.7350, recall_test: 0.5437 recall_val: 0.5578
INFO:root:Epoch [177], Loss: 805.5598, Test Loss: 1425.2278, recall_train: 0.7325, recall_test: 0.5391 recall_val: 0.5547
INFO:root:Epoch [178], Loss: 920.5192, Test Loss: 1433.7450, recall_train: 0.7312, recall_test: 0.5453 recall_val: 0.5437
INFO:root:Epoch [179], Loss: 991.3383, Test Loss: 1433.6077, recall_train: 0.7288, recall_test: 0.5281 recall_val: 0.5484
INFO:root:Epoch [180], Loss: 827.5754, Test Loss: 1452.4290, recall_train: 0.7316, recall_test: 0.5297 recall_val: 0.5625
INFO:root:Epoch [181], Loss: 586.7616, Test Loss: 1433.2593, recall_train: 0.7319, recall_test: 0.5328 recall_val: 0.5578
INFO:root:Epoch [182], Loss: 731.8451, Test Loss: 1432.5327, recall_train: 0.7322, recall_test: 0.5234 recall_val: 0.5781
INFO:root:Epoch [183], Loss: 1106.8425, Test Loss: 1434.1798, recall_train: 0.7295, recall_test: 0.5344 recall_val: 0.5719
INFO:root:Epoch [184], Loss: 787.5821, Test Loss: 1467.6117, recall_train: 0.7322, recall_test: 0.5172 recall_val: 0.5813
INFO:root:Epoch [185], Loss: 841.2767, Test Loss: 1443.1949, recall_train: 0.7312, recall_test: 0.5266 recall_val: 0.5938
INFO:root:Epoch [186], Loss: 920.0975, Test Loss: 1412.4905, recall_train: 0.7317, recall_test: 0.5375 recall_val: 0.5828
INFO:root:Epoch [187], Loss: 893.1849, Test Loss: 1396.7087, recall_train: 0.7310, recall_test: 0.5516 recall_val: 0.5609
INFO:root:Epoch [188], Loss: 989.3004, Test Loss: 1386.8947, recall_train: 0.7325, recall_test: 0.5578 recall_val: 0.5766
INFO:root:Epoch [189], Loss: 851.2279, Test Loss: 1365.8027, recall_train: 0.7336, recall_test: 0.5406 recall_val: 0.5766
INFO:root:Epoch [190], Loss: 828.6722, Test Loss: 1332.3583, recall_train: 0.7337, recall_test: 0.5391 recall_val: 0.5828
INFO:root:Epoch [191], Loss: 968.8311, Test Loss: 1309.8782, recall_train: 0.7333, recall_test: 0.5422 recall_val: 0.5875
INFO:root:Epoch [192], Loss: 1132.8098, Test Loss: 1305.7767, recall_train: 0.7330, recall_test: 0.5469 recall_val: 0.5828
INFO:root:Epoch [193], Loss: 839.5853, Test Loss: 1326.6367, recall_train: 0.7343, recall_test: 0.5531 recall_val: 0.5750
INFO:root:Epoch [194], Loss: 731.0868, Test Loss: 1336.4701, recall_train: 0.7342, recall_test: 0.5422 recall_val: 0.5875
INFO:root:Epoch [195], Loss: 841.8557, Test Loss: 1312.6147, recall_train: 0.7320, recall_test: 0.5297 recall_val: 0.5891
INFO:root:Epoch [196], Loss: 741.5756, Test Loss: 1335.0645, recall_train: 0.7335, recall_test: 0.5328 recall_val: 0.5750
INFO:root:Epoch [197], Loss: 916.1965, Test Loss: 1319.3119, recall_train: 0.7337, recall_test: 0.5344 recall_val: 0.5672
INFO:root:Epoch [198], Loss: 722.3585, Test Loss: 1361.7881, recall_train: 0.7327, recall_test: 0.5234 recall_val: 0.5750
INFO:root:Epoch [199], Loss: 919.1024, Test Loss: 1362.7065, recall_train: 0.7325, recall_test: 0.5250 recall_val: 0.5656
INFO:root:Epoch [200], Loss: 695.3558, Test Loss: 1347.4181, recall_train: 0.7312, recall_test: 0.5328 recall_val: 0.5531
DEBUG:matplotlib.font_manager:findfont: Matching sans\-serif:style=normal:variant=normal:weight=normal:stretch=normal:size=12.0.
DEBUG:matplotlib.font_manager:findfont: score(<Font 'STIXSizeOneSym' (STIXSizOneSymReg.ttf) normal normal 400 normal>) = 10.05
DEBUG:matplotlib.font_manager:findfont: score(<Font 'DejaVu Serif' (DejaVuSerif-BoldItalic.ttf) italic normal 700 normal>) = 11.335
DEBUG:matplotlib.font_manager:findfont: score(<Font 'cmtt10' (cmtt10.ttf) normal normal 400 normal>) = 10.05
DEBUG:matplotlib.font_manager:findfont: score(<Font 'STIXSizeThreeSym' (STIXSizThreeSymBol.ttf) normal normal 700 normal>) = 10.335
DEBUG:matplotlib.font_manager:findfont: score(<Font 'DejaVu Sans' (DejaVuSans-Oblique.ttf) oblique normal 400 normal>) = 1.05
DEBUG:matplotlib.font_manager:findfont: score(<Font 'STIXSizeOneSym' (STIXSizOneSymBol.ttf) normal normal 700 normal>) = 10.335
DEBUG:matplotlib.font_manager:findfont: score(<Font 'DejaVu Serif' (DejaVuSerif.ttf) normal normal 400 normal>) = 10.05
DEBUG:matplotlib.font_manager:findfont: score(<Font 'STIXGeneral' (STIXGeneralItalic.ttf) italic normal 400 normal>) = 11.05
DEBUG:matplotlib.font_manager:findfont: score(<Font 'DejaVu Sans Mono' (DejaVuSansMono-Oblique.ttf) oblique normal 400 normal>) = 11.05
DEBUG:matplotlib.font_manager:findfont: score(<Font 'DejaVu Serif' (DejaVuSerif-Bold.ttf) normal normal 700 normal>) = 10.335
DEBUG:matplotlib.font_manager:findfont: score(<Font 'DejaVu Sans Mono' (DejaVuSansMono-BoldOblique.ttf) oblique normal 700 normal>) = 11.335
DEBUG:matplotlib.font_manager:findfont: score(<Font 'STIXGeneral' (STIXGeneral.ttf) normal normal 400 normal>) = 10.05
DEBUG:matplotlib.font_manager:findfont: score(<Font 'cmsy10' (cmsy10.ttf) normal normal 400 normal>) = 10.05
DEBUG:matplotlib.font_manager:findfont: score(<Font 'STIXSizeFourSym' (STIXSizFourSymReg.ttf) normal normal 400 normal>) = 10.05
DEBUG:matplotlib.font_manager:findfont: score(<Font 'STIXGeneral' (STIXGeneralBolIta.ttf) italic normal 700 normal>) = 11.335
DEBUG:matplotlib.font_manager:findfont: score(<Font 'STIXSizeFourSym' (STIXSizFourSymBol.ttf) normal normal 700 normal>) = 10.335
DEBUG:matplotlib.font_manager:findfont: score(<Font 'DejaVu Sans' (DejaVuSans-BoldOblique.ttf) oblique normal 700 normal>) = 1.335
DEBUG:matplotlib.font_manager:findfont: score(<Font 'STIXGeneral' (STIXGeneralBol.ttf) normal normal 700 normal>) = 10.335
DEBUG:matplotlib.font_manager:findfont: score(<Font 'STIXNonUnicode' (STIXNonUniBolIta.ttf) italic normal 700 normal>) = 11.335
DEBUG:matplotlib.font_manager:findfont: score(<Font 'STIXSizeTwoSym' (STIXSizTwoSymBol.ttf) normal normal 700 normal>) = 10.335
DEBUG:matplotlib.font_manager:findfont: score(<Font 'cmmi10' (cmmi10.ttf) normal normal 400 normal>) = 10.05
DEBUG:matplotlib.font_manager:findfont: score(<Font 'cmex10' (cmex10.ttf) normal normal 400 normal>) = 10.05
DEBUG:matplotlib.font_manager:findfont: score(<Font 'STIXNonUnicode' (STIXNonUniIta.ttf) italic normal 400 normal>) = 11.05
DEBUG:matplotlib.font_manager:findfont: score(<Font 'DejaVu Sans' (DejaVuSans.ttf) normal normal 400 normal>) = 0.05
DEBUG:matplotlib.font_manager:findfont: score(<Font 'DejaVu Sans Mono' (DejaVuSansMono-Bold.ttf) normal normal 700 normal>) = 10.335
DEBUG:matplotlib.font_manager:findfont: score(<Font 'STIXNonUnicode' (STIXNonUniBol.ttf) normal normal 700 normal>) = 10.335
DEBUG:matplotlib.font_manager:findfont: score(<Font 'DejaVu Serif Display' (DejaVuSerifDisplay.ttf) normal normal 400 normal>) = 10.05
DEBUG:matplotlib.font_manager:findfont: score(<Font 'DejaVu Sans Display' (DejaVuSansDisplay.ttf) normal normal 400 normal>) = 10.05
DEBUG:matplotlib.font_manager:findfont: score(<Font 'STIXSizeTwoSym' (STIXSizTwoSymReg.ttf) normal normal 400 normal>) = 10.05
DEBUG:matplotlib.font_manager:findfont: score(<Font 'DejaVu Serif' (DejaVuSerif-Italic.ttf) italic normal 400 normal>) = 11.05
DEBUG:matplotlib.font_manager:findfont: score(<Font 'cmb10' (cmb10.ttf) normal normal 400 normal>) = 10.05
DEBUG:matplotlib.font_manager:findfont: score(<Font 'cmr10' (cmr10.ttf) normal normal 400 normal>) = 10.05
DEBUG:matplotlib.font_manager:findfont: score(<Font 'cmss10' (cmss10.ttf) normal normal 400 normal>) = 10.05
DEBUG:matplotlib.font_manager:findfont: score(<Font 'DejaVu Sans' (DejaVuSans-Bold.ttf) normal normal 700 normal>) = 0.33499999999999996
DEBUG:matplotlib.font_manager:findfont: score(<Font 'STIXNonUnicode' (STIXNonUni.ttf) normal normal 400 normal>) = 10.05
DEBUG:matplotlib.font_manager:findfont: score(<Font 'STIXSizeFiveSym' (STIXSizFiveSymReg.ttf) normal normal 400 normal>) = 10.05
DEBUG:matplotlib.font_manager:findfont: score(<Font 'STIXSizeThreeSym' (STIXSizThreeSymReg.ttf) normal normal 400 normal>) = 10.05
DEBUG:matplotlib.font_manager:findfont: score(<Font 'DejaVu Sans Mono' (DejaVuSansMono.ttf) normal normal 400 normal>) = 10.05
DEBUG:matplotlib.font_manager:findfont: Matching sans\-serif:style=normal:variant=normal:weight=normal:stretch=normal:size=12.0 to DejaVu Sans ('/share/software/user/open/py-matplotlib/3.4.2_py39/lib/python3.9/site-packages/matplotlib/mpl-data/fonts/ttf/DejaVuSans.ttf') with score of 0.050000.
DEBUG:matplotlib.font_manager:findfont: Matching sans\-serif:style=normal:variant=normal:weight=normal:stretch=normal:size=10.0.
DEBUG:matplotlib.font_manager:findfont: score(<Font 'STIXSizeOneSym' (STIXSizOneSymReg.ttf) normal normal 400 normal>) = 10.05
DEBUG:matplotlib.font_manager:findfont: score(<Font 'DejaVu Serif' (DejaVuSerif-BoldItalic.ttf) italic normal 700 normal>) = 11.335
DEBUG:matplotlib.font_manager:findfont: score(<Font 'cmtt10' (cmtt10.ttf) normal normal 400 normal>) = 10.05
DEBUG:matplotlib.font_manager:findfont: score(<Font 'STIXSizeThreeSym' (STIXSizThreeSymBol.ttf) normal normal 700 normal>) = 10.335
DEBUG:matplotlib.font_manager:findfont: score(<Font 'DejaVu Sans' (DejaVuSans-Oblique.ttf) oblique normal 400 normal>) = 1.05
DEBUG:matplotlib.font_manager:findfont: score(<Font 'STIXSizeOneSym' (STIXSizOneSymBol.ttf) normal normal 700 normal>) = 10.335
DEBUG:matplotlib.font_manager:findfont: score(<Font 'DejaVu Serif' (DejaVuSerif.ttf) normal normal 400 normal>) = 10.05
DEBUG:matplotlib.font_manager:findfont: score(<Font 'STIXGeneral' (STIXGeneralItalic.ttf) italic normal 400 normal>) = 11.05
DEBUG:matplotlib.font_manager:findfont: score(<Font 'DejaVu Sans Mono' (DejaVuSansMono-Oblique.ttf) oblique normal 400 normal>) = 11.05
DEBUG:matplotlib.font_manager:findfont: score(<Font 'DejaVu Serif' (DejaVuSerif-Bold.ttf) normal normal 700 normal>) = 10.335
DEBUG:matplotlib.font_manager:findfont: score(<Font 'DejaVu Sans Mono' (DejaVuSansMono-BoldOblique.ttf) oblique normal 700 normal>) = 11.335
DEBUG:matplotlib.font_manager:findfont: score(<Font 'STIXGeneral' (STIXGeneral.ttf) normal normal 400 normal>) = 10.05
DEBUG:matplotlib.font_manager:findfont: score(<Font 'cmsy10' (cmsy10.ttf) normal normal 400 normal>) = 10.05
DEBUG:matplotlib.font_manager:findfont: score(<Font 'STIXSizeFourSym' (STIXSizFourSymReg.ttf) normal normal 400 normal>) = 10.05
DEBUG:matplotlib.font_manager:findfont: score(<Font 'STIXGeneral' (STIXGeneralBolIta.ttf) italic normal 700 normal>) = 11.335
DEBUG:matplotlib.font_manager:findfont: score(<Font 'STIXSizeFourSym' (STIXSizFourSymBol.ttf) normal normal 700 normal>) = 10.335
DEBUG:matplotlib.font_manager:findfont: score(<Font 'DejaVu Sans' (DejaVuSans-BoldOblique.ttf) oblique normal 700 normal>) = 1.335
DEBUG:matplotlib.font_manager:findfont: score(<Font 'STIXGeneral' (STIXGeneralBol.ttf) normal normal 700 normal>) = 10.335
DEBUG:matplotlib.font_manager:findfont: score(<Font 'STIXNonUnicode' (STIXNonUniBolIta.ttf) italic normal 700 normal>) = 11.335
DEBUG:matplotlib.font_manager:findfont: score(<Font 'STIXSizeTwoSym' (STIXSizTwoSymBol.ttf) normal normal 700 normal>) = 10.335
DEBUG:matplotlib.font_manager:findfont: score(<Font 'cmmi10' (cmmi10.ttf) normal normal 400 normal>) = 10.05
DEBUG:matplotlib.font_manager:findfont: score(<Font 'cmex10' (cmex10.ttf) normal normal 400 normal>) = 10.05
DEBUG:matplotlib.font_manager:findfont: score(<Font 'STIXNonUnicode' (STIXNonUniIta.ttf) italic normal 400 normal>) = 11.05
DEBUG:matplotlib.font_manager:findfont: score(<Font 'DejaVu Sans' (DejaVuSans.ttf) normal normal 400 normal>) = 0.05
DEBUG:matplotlib.font_manager:findfont: score(<Font 'DejaVu Sans Mono' (DejaVuSansMono-Bold.ttf) normal normal 700 normal>) = 10.335
DEBUG:matplotlib.font_manager:findfont: score(<Font 'STIXNonUnicode' (STIXNonUniBol.ttf) normal normal 700 normal>) = 10.335
DEBUG:matplotlib.font_manager:findfont: score(<Font 'DejaVu Serif Display' (DejaVuSerifDisplay.ttf) normal normal 400 normal>) = 10.05
DEBUG:matplotlib.font_manager:findfont: score(<Font 'DejaVu Sans Display' (DejaVuSansDisplay.ttf) normal normal 400 normal>) = 10.05
DEBUG:matplotlib.font_manager:findfont: score(<Font 'STIXSizeTwoSym' (STIXSizTwoSymReg.ttf) normal normal 400 normal>) = 10.05
DEBUG:matplotlib.font_manager:findfont: score(<Font 'DejaVu Serif' (DejaVuSerif-Italic.ttf) italic normal 400 normal>) = 11.05
DEBUG:matplotlib.font_manager:findfont: score(<Font 'cmb10' (cmb10.ttf) normal normal 400 normal>) = 10.05
DEBUG:matplotlib.font_manager:findfont: score(<Font 'cmr10' (cmr10.ttf) normal normal 400 normal>) = 10.05
DEBUG:matplotlib.font_manager:findfont: score(<Font 'cmss10' (cmss10.ttf) normal normal 400 normal>) = 10.05
DEBUG:matplotlib.font_manager:findfont: score(<Font 'DejaVu Sans' (DejaVuSans-Bold.ttf) normal normal 700 normal>) = 0.33499999999999996
DEBUG:matplotlib.font_manager:findfont: score(<Font 'STIXNonUnicode' (STIXNonUni.ttf) normal normal 400 normal>) = 10.05
DEBUG:matplotlib.font_manager:findfont: score(<Font 'STIXSizeFiveSym' (STIXSizFiveSymReg.ttf) normal normal 400 normal>) = 10.05
DEBUG:matplotlib.font_manager:findfont: score(<Font 'STIXSizeThreeSym' (STIXSizThreeSymReg.ttf) normal normal 400 normal>) = 10.05
DEBUG:matplotlib.font_manager:findfont: score(<Font 'DejaVu Sans Mono' (DejaVuSansMono.ttf) normal normal 400 normal>) = 10.05
DEBUG:matplotlib.font_manager:findfont: Matching sans\-serif:style=normal:variant=normal:weight=normal:stretch=normal:size=10.0 to DejaVu Sans ('/share/software/user/open/py-matplotlib/3.4.2_py39/lib/python3.9/site-packages/matplotlib/mpl-data/fonts/ttf/DejaVuSans.ttf') with score of 0.050000.
